[0m16:36:29.164529 [debug] [MainThread]: Sending event: {'category': 'dbt', 'action': 'invocation', 'label': 'start', 'context': [<snowplow_tracker.self_describing_json.SelfDescribingJson object at 0x7f2e4b8b7020>, <snowplow_tracker.self_describing_json.SelfDescribingJson object at 0x7f2e4b129fa0>, <snowplow_tracker.self_describing_json.SelfDescribingJson object at 0x7f2e4ca4c140>]}


============================== 16:36:29.167787 | 51cff3fa-c332-4d62-b456-e335260d0b50 ==============================
[0m16:36:29.167787 [info ] [MainThread]: Running with dbt=1.9.0
[0m16:36:29.168604 [debug] [MainThread]: running dbt with arguments {'printer_width': '80', 'indirect_selection': 'eager', 'write_json': 'True', 'log_cache_events': 'False', 'partial_parse': 'True', 'cache_selected_only': 'False', 'profiles_dir': '/home/codespace/.dbt', 'version_check': 'True', 'warn_error': 'None', 'log_path': '/workspaces/dbt_template/dbt_template/logs', 'debug': 'False', 'fail_fast': 'False', 'use_colors': 'True', 'use_experimental_parser': 'False', 'no_print': 'None', 'quiet': 'False', 'empty': 'None', 'log_format': 'default', 'static_parser': 'True', 'invocation_command': 'dbt ', 'warn_error_options': 'WarnErrorOptions(include=[], exclude=[])', 'target_path': 'None', 'introspect': 'True', 'send_anonymous_usage_stats': 'True'}
[0m16:36:29.279655 [debug] [MainThread]: Sending event: {'category': 'dbt', 'action': 'project_id', 'label': '51cff3fa-c332-4d62-b456-e335260d0b50', 'context': [<snowplow_tracker.self_describing_json.SelfDescribingJson object at 0x7f2e4aa75a60>]}
[0m16:36:29.292266 [info ] [MainThread]: Warning: No packages were found in packages.yml
[0m16:36:29.293545 [info ] [MainThread]: Warning: No packages were found in packages.yml
[0m16:36:29.295053 [debug] [MainThread]: Resource report: {"command_name": "deps", "command_success": true, "command_wall_clock_time": 0.182541, "process_in_blocks": "0", "process_kernel_time": 0.178464, "process_mem_max_rss": "92840", "process_out_blocks": "8", "process_user_time": 1.388054}
[0m16:36:29.295749 [debug] [MainThread]: Command `cli deps` succeeded at 16:36:29.295622 after 0.18 seconds
[0m16:36:29.296226 [debug] [MainThread]: Sending event: {'category': 'dbt', 'action': 'invocation', 'label': 'end', 'context': [<snowplow_tracker.self_describing_json.SelfDescribingJson object at 0x7f2e4bf1c2f0>, <snowplow_tracker.self_describing_json.SelfDescribingJson object at 0x7f2e4bb06930>, <snowplow_tracker.self_describing_json.SelfDescribingJson object at 0x7f2e4b3ee630>]}
[0m16:36:29.296791 [debug] [MainThread]: Flushing usage events
[0m16:36:29.608960 [debug] [MainThread]: An error was encountered while trying to flush usage events
[0m16:44:14.742752 [debug] [MainThread]: Sending event: {'category': 'dbt', 'action': 'invocation', 'label': 'start', 'context': [<snowplow_tracker.self_describing_json.SelfDescribingJson object at 0x7609c0475dc0>, <snowplow_tracker.self_describing_json.SelfDescribingJson object at 0x7609c0012570>, <snowplow_tracker.self_describing_json.SelfDescribingJson object at 0x7609c05a4200>]}


============================== 16:44:14.746039 | 3902ee06-b610-48fb-a193-606965eaa82e ==============================
[0m16:44:14.746039 [info ] [MainThread]: Running with dbt=1.9.0
[0m16:44:14.746914 [debug] [MainThread]: running dbt with arguments {'printer_width': '80', 'indirect_selection': 'eager', 'write_json': 'True', 'log_cache_events': 'False', 'partial_parse': 'True', 'cache_selected_only': 'False', 'warn_error': 'None', 'fail_fast': 'False', 'profiles_dir': '/home/codespace/.dbt', 'log_path': '/workspaces/dbt_template/dbt_template/logs', 'debug': 'False', 'version_check': 'True', 'use_colors': 'True', 'use_experimental_parser': 'False', 'no_print': 'None', 'quiet': 'False', 'empty': 'None', 'log_format': 'default', 'invocation_command': 'dbt ', 'static_parser': 'True', 'introspect': 'True', 'target_path': 'None', 'warn_error_options': 'WarnErrorOptions(include=[], exclude=[])', 'send_anonymous_usage_stats': 'True'}
[0m16:44:14.857022 [debug] [MainThread]: Sending event: {'category': 'dbt', 'action': 'project_id', 'label': '3902ee06-b610-48fb-a193-606965eaa82e', 'context': [<snowplow_tracker.self_describing_json.SelfDescribingJson object at 0x7609bf9e1dc0>]}
[0m16:44:14.869707 [info ] [MainThread]: Warning: No packages were found in packages.yml
[0m16:44:14.870882 [info ] [MainThread]: Warning: No packages were found in packages.yml
[0m16:44:14.872470 [debug] [MainThread]: Resource report: {"command_name": "deps", "command_success": true, "command_wall_clock_time": 0.18484588, "process_in_blocks": "0", "process_kernel_time": 0.131273, "process_mem_max_rss": "92636", "process_out_blocks": "16", "process_user_time": 1.364448}
[0m16:44:14.873269 [debug] [MainThread]: Command `cli deps` succeeded at 16:44:14.873144 after 0.19 seconds
[0m16:44:14.873760 [debug] [MainThread]: Sending event: {'category': 'dbt', 'action': 'invocation', 'label': 'end', 'context': [<snowplow_tracker.self_describing_json.SelfDescribingJson object at 0x7609bfc56360>, <snowplow_tracker.self_describing_json.SelfDescribingJson object at 0x7609bfc8d190>, <snowplow_tracker.self_describing_json.SelfDescribingJson object at 0x7609c00c8860>]}
[0m16:44:14.874471 [debug] [MainThread]: Flushing usage events
[0m16:44:15.185966 [debug] [MainThread]: An error was encountered while trying to flush usage events
[0m16:56:18.193142 [debug] [MainThread]: Sending event: {'category': 'dbt', 'action': 'invocation', 'label': 'start', 'context': [<snowplow_tracker.self_describing_json.SelfDescribingJson object at 0x7fb8fb8b7920>, <snowplow_tracker.self_describing_json.SelfDescribingJson object at 0x7fb8fb0418e0>, <snowplow_tracker.self_describing_json.SelfDescribingJson object at 0x7fb8fcd32480>]}


============================== 16:56:18.196631 | 1ef80593-db4c-4cc6-9edc-1e061f7d589e ==============================
[0m16:56:18.196631 [info ] [MainThread]: Running with dbt=1.9.0
[0m16:56:18.197523 [debug] [MainThread]: running dbt with arguments {'printer_width': '80', 'indirect_selection': 'eager', 'write_json': 'True', 'log_cache_events': 'False', 'partial_parse': 'True', 'cache_selected_only': 'False', 'warn_error': 'None', 'debug': 'False', 'fail_fast': 'False', 'log_path': '/workspaces/dbt_template/dbt_template/logs', 'version_check': 'True', 'profiles_dir': '/home/codespace/.dbt', 'use_colors': 'True', 'use_experimental_parser': 'False', 'empty': 'None', 'quiet': 'False', 'no_print': 'None', 'log_format': 'default', 'static_parser': 'True', 'invocation_command': 'dbt ', 'introspect': 'True', 'target_path': 'None', 'warn_error_options': 'WarnErrorOptions(include=[], exclude=[])', 'send_anonymous_usage_stats': 'True'}
[0m16:56:18.309803 [debug] [MainThread]: Sending event: {'category': 'dbt', 'action': 'project_id', 'label': '1ef80593-db4c-4cc6-9edc-1e061f7d589e', 'context': [<snowplow_tracker.self_describing_json.SelfDescribingJson object at 0x7fb8fcaca000>]}
[0m16:56:18.321877 [info ] [MainThread]: Warning: No packages were found in packages.yml
[0m16:56:18.324651 [info ] [MainThread]: Warning: No packages were found in packages.yml
[0m16:56:18.325956 [debug] [MainThread]: Resource report: {"command_name": "deps", "command_success": true, "command_wall_clock_time": 0.1843841, "process_in_blocks": "0", "process_kernel_time": 0.119661, "process_mem_max_rss": "92808", "process_out_blocks": "8", "process_user_time": 1.360157}
[0m16:56:18.326671 [debug] [MainThread]: Command `cli deps` succeeded at 16:56:18.326507 after 0.19 seconds
[0m16:56:18.327354 [debug] [MainThread]: Sending event: {'category': 'dbt', 'action': 'invocation', 'label': 'end', 'context': [<snowplow_tracker.self_describing_json.SelfDescribingJson object at 0x7fb8fb9aba70>, <snowplow_tracker.self_describing_json.SelfDescribingJson object at 0x7fb8fc5b2420>, <snowplow_tracker.self_describing_json.SelfDescribingJson object at 0x7fb8fad06ba0>]}
[0m16:56:18.327848 [debug] [MainThread]: Flushing usage events
[0m16:56:18.669769 [debug] [MainThread]: An error was encountered while trying to flush usage events
